# JRE version: OpenJDK Runtime Environment (8.0_112-b06) (build 1.8.0_112-release-b06)
# Java VM: OpenJDK 64-Bit Server VM (25.112-b06 mixed mode windows-amd64 compressed oops)
Heap:
 PSYoungGen      total 76288K, used 30109K [0x00000000e0000000, 0x00000000e6e80000, 0x0000000100000000)
  eden space 65536K, 45% used [0x00000000e0000000,0x00000000e1d67648,0x00000000e4000000)
  from space 10752K, 0% used [0x00000000e4000000,0x00000000e4000000,0x00000000e4a80000)
  to   space 14336K, 0% used [0x00000000e6080000,0x00000000e6080000,0x00000000e6e80000)
 ParOldGen       total 123904K, used 17107K [0x00000000a0000000, 0x00000000a7900000, 0x00000000e0000000)
  object space 123904K, 13% used [0x00000000a0000000,0x00000000a10b4e50,0x00000000a7900000)
 Metaspace       used 34953K, capacity 35664K, committed 35968K, reserved 1081344K
  class space    used 4701K, capacity 4909K, committed 4992K, reserved 1048576K
GC Heap History (10 events):
Event: 6.218 GC heap before
{Heap before GC invocations=3 (full 1):
 PSYoungGen      total 76288K, used 10745K [0x00000000e0000000, 0x00000000e5500000, 0x0000000100000000)
  eden space 65536K, 0% used [0x00000000e0000000,0x00000000e0000000,0x00000000e4000000)
  from space 10752K, 99% used [0x00000000e4a80000,0x00000000e54fe580,0x00000000e5500000)
  to   space 10752K, 0% used [0x00000000e4000000,0x00000000e4000000,0x00000000e4a80000)
 ParOldGen       total 175104K, used 2368K [0x00000000a0000000, 0x00000000aab00000, 0x00000000e0000000)
  object space 175104K, 1% used [0x00000000a0000000,0x00000000a02503e0,0x00000000aab00000)
 Metaspace       used 20826K, capacity 21198K, committed 21296K, reserved 1067008K
  class space    used 2783K, capacity 2912K, committed 2944K, reserved 1048576K
Event: 6.282 GC heap after
Heap after GC invocations=3 (full 1):
 PSYoungGen      total 76288K, used 0K [0x00000000e0000000, 0x00000000e5500000, 0x0000000100000000)
  eden space 65536K, 0% used [0x00000000e0000000,0x00000000e0000000,0x00000000e4000000)
  from space 10752K, 0% used [0x00000000e4a80000,0x00000000e4a80000,0x00000000e5500000)
  to   space 10752K, 0% used [0x00000000e4000000,0x00000000e4000000,0x00000000e4a80000)
 ParOldGen       total 123904K, used 12672K [0x00000000a0000000, 0x00000000a7900000, 0x00000000e0000000)
  object space 123904K, 10% used [0x00000000a0000000,0x00000000a0c60150,0x00000000a7900000)
 Metaspace       used 20826K, capacity 21198K, committed 21296K, reserved 1067008K
  class space    used 2783K, capacity 2912K, committed 2944K, reserved 1048576K
}
Event: 9.782 GC heap before
{Heap before GC invocations=4 (full 1):
 PSYoungGen      total 76288K, used 65536K [0x00000000e0000000, 0x00000000e5500000, 0x0000000100000000)
  eden space 65536K, 100% used [0x00000000e0000000,0x00000000e4000000,0x00000000e4000000)
  from space 10752K, 0% used [0x00000000e4a80000,0x00000000e4a80000,0x00000000e5500000)
  to   space 10752K, 0% used [0x00000000e4000000,0x00000000e4000000,0x00000000e4a80000)
 ParOldGen       total 123904K, used 12672K [0x00000000a0000000, 0x00000000a7900000, 0x00000000e0000000)
  object space 123904K, 10% used [0x00000000a0000000,0x00000000a0c60150,0x00000000a7900000)
 Metaspace       used 26401K, capacity 26852K, committed 27136K, reserved 1073152K
  class space    used 3641K, capacity 3782K, committed 3840K, reserved 1048576K
Event: 9.799 GC heap after
Heap after GC invocations=4 (full 1):
 PSYoungGen      total 76288K, used 8237K [0x00000000e0000000, 0x00000000e5500000, 0x0000000100000000)
  eden space 65536K, 0% used [0x00000000e0000000,0x00000000e0000000,0x00000000e4000000)
  from space 10752K, 76% used [0x00000000e4000000,0x00000000e480b6d8,0x00000000e4a80000)
  to   space 10752K, 0% used [0x00000000e4a80000,0x00000000e4a80000,0x00000000e5500000)
 ParOldGen       total 123904K, used 12680K [0x00000000a0000000, 0x00000000a7900000, 0x00000000e0000000)
  object space 123904K, 10% used [0x00000000a0000000,0x00000000a0c62150,0x00000000a7900000)
 Metaspace       used 26401K, capacity 26852K, committed 27136K, reserved 1073152K
  class space    used 3641K, capacity 3782K, committed 3840K, reserved 1048576K
}
Event: 13.252 GC heap before
{Heap before GC invocations=5 (full 1):
 PSYoungGen      total 76288K, used 73773K [0x00000000e0000000, 0x00000000e5500000, 0x0000000100000000)
  eden space 65536K, 100% used [0x00000000e0000000,0x00000000e4000000,0x00000000e4000000)
  from space 10752K, 76% used [0x00000000e4000000,0x00000000e480b6d8,0x00000000e4a80000)
  to   space 10752K, 0% used [0x00000000e4a80000,0x00000000e4a80000,0x00000000e5500000)
 ParOldGen       total 123904K, used 12680K [0x00000000a0000000, 0x00000000a7900000, 0x00000000e0000000)
  object space 123904K, 10% used [0x00000000a0000000,0x00000000a0c62150,0x00000000a7900000)
 Metaspace       used 29750K, capacity 30352K, committed 30464K, reserved 1075200K
  class space    used 4052K, capacity 4242K, committed 4352K, reserved 1048576K
Event: 13.260 GC heap after
Heap after GC invocations=5 (full 1):
 PSYoungGen      total 76288K, used 6840K [0x00000000e0000000, 0x00000000e6880000, 0x0000000100000000)
  eden space 65536K, 0% used [0x00000000e0000000,0x00000000e0000000,0x00000000e4000000)
  from space 10752K, 63% used [0x00000000e4a80000,0x00000000e512e038,0x00000000e5500000)
  to   space 10752K, 0% used [0x00000000e4000000,0x00000000e4000000,0x00000000e4a80000)
 ParOldGen       total 123904K, used 12760K [0x00000000a0000000, 0x00000000a7900000, 0x00000000e0000000)
  object space 123904K, 10% used [0x00000000a0000000,0x00000000a0c76160,0x00000000a7900000)
 Metaspace       used 29750K, capacity 30352K, committed 30464K, reserved 1075200K
  class space    used 4052K, capacity 4242K, committed 4352K, reserved 1048576K
}
Event: 21.314 GC heap before
{Heap before GC invocations=6 (full 1):
 PSYoungGen      total 76288K, used 51653K [0x00000000e0000000, 0x00000000e6880000, 0x0000000100000000)
  eden space 65536K, 68% used [0x00000000e0000000,0x00000000e2bc35b0,0x00000000e4000000)
  from space 10752K, 63% used [0x00000000e4a80000,0x00000000e512e038,0x00000000e5500000)
  to   space 10752K, 0% used [0x00000000e4000000,0x00000000e4000000,0x00000000e4a80000)
 ParOldGen       total 123904K, used 12760K [0x00000000a0000000, 0x00000000a7900000, 0x00000000e0000000)
  object space 123904K, 10% used [0x00000000a0000000,0x00000000a0c76160,0x00000000a7900000)
 Metaspace       used 34471K, capacity 35248K, committed 35456K, reserved 1079296K
  class space    used 4647K, capacity 4877K, committed 4992K, reserved 1048576K
Event: 21.338 GC heap after
Heap after GC invocations=6 (full 1):
 PSYoungGen      total 76288K, used 10738K [0x00000000e0000000, 0x00000000e6e80000, 0x0000000100000000)
  eden space 65536K, 0% used [0x00000000e0000000,0x00000000e0000000,0x00000000e4000000)
  from space 10752K, 99% used [0x00000000e4000000,0x00000000e4a7c988,0x00000000e4a80000)
  to   space 14336K, 0% used [0x00000000e6080000,0x00000000e6080000,0x00000000e6e80000)
 ParOldGen       total 123904K, used 12901K [0x00000000a0000000, 0x00000000a7900000, 0x00000000e0000000)
  object space 123904K, 10% used [0x00000000a0000000,0x00000000a0c99518,0x00000000a7900000)
 Metaspace       used 34471K, capacity 35248K, committed 35456K, reserved 1079296K
  class space    used 4647K, capacity 4877K, committed 4992K, reserved 1048576K
}
Event: 21.338 GC heap before
{Heap before GC invocations=7 (full 2):
 PSYoungGen      total 76288K, used 10738K [0x00000000e0000000, 0x00000000e6e80000, 0x0000000100000000)
  eden space 65536K, 0% used [0x00000000e0000000,0x00000000e0000000,0x00000000e4000000)
  from space 10752K, 99% used [0x00000000e4000000,0x00000000e4a7c988,0x00000000e4a80000)
  to   space 14336K, 0% used [0x00000000e6080000,0x00000000e6080000,0x00000000e6e80000)
 ParOldGen       total 123904K, used 12901K [0x00000000a0000000, 0x00000000a7900000, 0x00000000e0000000)
  object space 123904K, 10% used [0x00000000a0000000,0x00000000a0c99518,0x00000000a7900000)
 Metaspace       used 34471K, capacity 35248K, committed 35456K, reserved 1079296K
  class space    used 4647K, capacity 4877K, committed 4992K, reserved 1048576K
Event: 21.457 GC heap after
Heap after GC invocations=7 (full 2):
 PSYoungGen      total 76288K, used 0K [0x00000000e0000000, 0x00000000e6e80000, 0x0000000100000000)
  eden space 65536K, 0% used [0x00000000e0000000,0x00000000e0000000,0x00000000e4000000)
  from space 10752K, 0% used [0x00000000e4000000,0x00000000e4000000,0x00000000e4a80000)
  to   space 14336K, 0% used [0x00000000e6080000,0x00000000e6080000,0x00000000e6e80000)
 ParOldGen       total 123904K, used 17107K [0x00000000a0000000, 0x00000000a7900000, 0x00000000e0000000)
  object space 123904K, 13% used [0x00000000a0000000,0x00000000a10b4e50,0x00000000a7900000)
 Metaspace       used 34471K, capacity 35248K, committed 35456K, reserved 1079296K
  class space    used 4647K, capacity 4877K, committed 4992K, reserved 1048576K
}

