# JRE version: OpenJDK Runtime Environment (8.0_112-b06) (build 1.8.0_112-release-b06)
# Java VM: OpenJDK 64-Bit Server VM (25.112-b06 mixed mode windows-amd64 compressed oops)
Heap:
 PSYoungGen      total 148480K, used 82061K [0x00000000e0000000, 0x00000000eb600000, 0x0000000100000000)
  eden space 132608K, 49% used [0x00000000e0000000,0x00000000e40aa7b0,0x00000000e8180000)
  from space 15872K, 99% used [0x00000000e9600000,0x00000000ea578c80,0x00000000ea580000)
  to   space 20992K, 0% used [0x00000000e8180000,0x00000000e8180000,0x00000000e9600000)
 ParOldGen       total 217600K, used 25389K [0x00000000a0000000, 0x00000000ad480000, 0x00000000e0000000)
  object space 217600K, 11% used [0x00000000a0000000,0x00000000a18cb7c8,0x00000000ad480000)
 Metaspace       used 50896K, capacity 52850K, committed 53120K, reserved 1095680K
  class space    used 7050K, capacity 7472K, committed 7552K, reserved 1048576K
GC Heap History (10 events):
Event: 9.921 GC heap before
{Heap before GC invocations=6 (full 1):
 PSYoungGen      total 92160K, used 56276K [0x00000000e0000000, 0x00000000e6580000, 0x0000000100000000)
  eden space 81408K, 60% used [0x00000000e0000000,0x00000000e2ffbcc0,0x00000000e4f80000)
  from space 10752K, 66% used [0x00000000e5a00000,0x00000000e60f96a8,0x00000000e6480000)
  to   space 10752K, 0% used [0x00000000e4f80000,0x00000000e4f80000,0x00000000e5a00000)
 ParOldGen       total 129536K, used 12712K [0x00000000a0000000, 0x00000000a7e80000, 0x00000000e0000000)
  object space 129536K, 9% used [0x00000000a0000000,0x00000000a0c6a3a0,0x00000000a7e80000)
 Metaspace       used 34513K, capacity 35290K, committed 35496K, reserved 1079296K
  class space    used 4656K, capacity 4850K, committed 4864K, reserved 1048576K
Event: 9.935 GC heap after
Heap after GC invocations=6 (full 1):
 PSYoungGen      total 92160K, used 10724K [0x00000000e0000000, 0x00000000e7f80000, 0x0000000100000000)
  eden space 81408K, 0% used [0x00000000e0000000,0x00000000e0000000,0x00000000e4f80000)
  from space 10752K, 99% used [0x00000000e4f80000,0x00000000e59f9030,0x00000000e5a00000)
  to   space 14336K, 0% used [0x00000000e7180000,0x00000000e7180000,0x00000000e7f80000)
 ParOldGen       total 129536K, used 12901K [0x00000000a0000000, 0x00000000a7e80000, 0x00000000e0000000)
  object space 129536K, 9% used [0x00000000a0000000,0x00000000a0c99770,0x00000000a7e80000)
 Metaspace       used 34513K, capacity 35290K, committed 35496K, reserved 1079296K
  class space    used 4656K, capacity 4850K, committed 4864K, reserved 1048576K
}
Event: 9.935 GC heap before
{Heap before GC invocations=7 (full 2):
 PSYoungGen      total 92160K, used 10724K [0x00000000e0000000, 0x00000000e7f80000, 0x0000000100000000)
  eden space 81408K, 0% used [0x00000000e0000000,0x00000000e0000000,0x00000000e4f80000)
  from space 10752K, 99% used [0x00000000e4f80000,0x00000000e59f9030,0x00000000e5a00000)
  to   space 14336K, 0% used [0x00000000e7180000,0x00000000e7180000,0x00000000e7f80000)
 ParOldGen       total 129536K, used 12901K [0x00000000a0000000, 0x00000000a7e80000, 0x00000000e0000000)
  object space 129536K, 9% used [0x00000000a0000000,0x00000000a0c99770,0x00000000a7e80000)
 Metaspace       used 34513K, capacity 35290K, committed 35496K, reserved 1079296K
  class space    used 4656K, capacity 4850K, committed 4864K, reserved 1048576K
Event: 10.051 GC heap after
Heap after GC invocations=7 (full 2):
 PSYoungGen      total 92160K, used 0K [0x00000000e0000000, 0x00000000e7f80000, 0x0000000100000000)
  eden space 81408K, 0% used [0x00000000e0000000,0x00000000e0000000,0x00000000e4f80000)
  from space 10752K, 0% used [0x00000000e4f80000,0x00000000e4f80000,0x00000000e5a00000)
  to   space 14336K, 0% used [0x00000000e7180000,0x00000000e7180000,0x00000000e7f80000)
 ParOldGen       total 217600K, used 17118K [0x00000000a0000000, 0x00000000ad480000, 0x00000000e0000000)
  object space 217600K, 7% used [0x00000000a0000000,0x00000000a10b7b88,0x00000000ad480000)
 Metaspace       used 34513K, capacity 35290K, committed 35496K, reserved 1079296K
  class space    used 4656K, capacity 4850K, committed 4864K, reserved 1048576K
}
Event: 11.180 GC heap before
{Heap before GC invocations=8 (full 2):
 PSYoungGen      total 92160K, used 81408K [0x00000000e0000000, 0x00000000e7f80000, 0x0000000100000000)
  eden space 81408K, 100% used [0x00000000e0000000,0x00000000e4f80000,0x00000000e4f80000)
  from space 10752K, 0% used [0x00000000e4f80000,0x00000000e4f80000,0x00000000e5a00000)
  to   space 14336K, 0% used [0x00000000e7180000,0x00000000e7180000,0x00000000e7f80000)
 ParOldGen       total 217600K, used 17118K [0x00000000a0000000, 0x00000000ad480000, 0x00000000e0000000)
  object space 217600K, 7% used [0x00000000a0000000,0x00000000a10b7b88,0x00000000ad480000)
 Metaspace       used 37889K, capacity 38764K, committed 38912K, reserved 1083392K
  class space    used 5084K, capacity 5332K, committed 5376K, reserved 1048576K
Event: 11.202 GC heap after
Heap after GC invocations=8 (full 2):
 PSYoungGen      total 116736K, used 8322K [0x00000000e0000000, 0x00000000e8400000, 0x0000000100000000)
  eden space 102400K, 0% used [0x00000000e0000000,0x00000000e0000000,0x00000000e6400000)
  from space 14336K, 58% used [0x00000000e7180000,0x00000000e79a0b08,0x00000000e7f80000)
  to   space 13824K, 0% used [0x00000000e6400000,0x00000000e6400000,0x00000000e7180000)
 ParOldGen       total 217600K, used 17126K [0x00000000a0000000, 0x00000000ad480000, 0x00000000e0000000)
  object space 217600K, 7% used [0x00000000a0000000,0x00000000a10b9b88,0x00000000ad480000)
 Metaspace       used 37889K, capacity 38764K, committed 38912K, reserved 1083392K
  class space    used 5084K, capacity 5332K, committed 5376K, reserved 1048576K
}
Event: 13.883 GC heap before
{Heap before GC invocations=9 (full 2):
 PSYoungGen      total 116736K, used 110722K [0x00000000e0000000, 0x00000000e8400000, 0x0000000100000000)
  eden space 102400K, 100% used [0x00000000e0000000,0x00000000e6400000,0x00000000e6400000)
  from space 14336K, 58% used [0x00000000e7180000,0x00000000e79a0b08,0x00000000e7f80000)
  to   space 13824K, 0% used [0x00000000e6400000,0x00000000e6400000,0x00000000e7180000)
 ParOldGen       total 217600K, used 17126K [0x00000000a0000000, 0x00000000ad480000, 0x00000000e0000000)
  object space 217600K, 7% used [0x00000000a0000000,0x00000000a10b9b88,0x00000000ad480000)
 Metaspace       used 45341K, capacity 46582K, committed 46848K, reserved 1089536K
  class space    used 6096K, capacity 6377K, committed 6400K, reserved 1048576K
Event: 13.922 GC heap after
Heap after GC invocations=9 (full 2):
 PSYoungGen      total 116224K, used 13806K [0x00000000e0000000, 0x00000000ea580000, 0x0000000100000000)
  eden space 102400K, 0% used [0x00000000e0000000,0x00000000e0000000,0x00000000e6400000)
  from space 13824K, 99% used [0x00000000e6400000,0x00000000e717ba00,0x00000000e7180000)
  to   space 15872K, 0% used [0x00000000e9600000,0x00000000e9600000,0x00000000ea580000)
 ParOldGen       total 217600K, used 17953K [0x00000000a0000000, 0x00000000ad480000, 0x00000000e0000000)
  object space 217600K, 8% used [0x00000000a0000000,0x00000000a11885a8,0x00000000ad480000)
 Metaspace       used 45341K, capacity 46582K, committed 46848K, reserved 1089536K
  class space    used 6096K, capacity 6377K, committed 6400K, reserved 1048576K
}
Event: 15.784 GC heap before
{Heap before GC invocations=10 (full 2):
 PSYoungGen      total 116224K, used 116206K [0x00000000e0000000, 0x00000000ea580000, 0x0000000100000000)
  eden space 102400K, 100% used [0x00000000e0000000,0x00000000e6400000,0x00000000e6400000)
  from space 13824K, 99% used [0x00000000e6400000,0x00000000e717ba00,0x00000000e7180000)
  to   space 15872K, 0% used [0x00000000e9600000,0x00000000e9600000,0x00000000ea580000)
 ParOldGen       total 217600K, used 17953K [0x00000000a0000000, 0x00000000ad480000, 0x00000000e0000000)
  object space 217600K, 8% used [0x00000000a0000000,0x00000000a11885a8,0x00000000ad480000)
 Metaspace       used 49951K, capacity 51588K, committed 51840K, reserved 1093632K
  class space    used 6869K, capacity 7239K, committed 7296K, reserved 1048576K
Event: 15.834 GC heap after
Heap after GC invocations=10 (full 2):
 PSYoungGen      total 148480K, used 15843K [0x00000000e0000000, 0x00000000eb600000, 0x0000000100000000)
  eden space 132608K, 0% used [0x00000000e0000000,0x00000000e0000000,0x00000000e8180000)
  from space 15872K, 99% used [0x00000000e9600000,0x00000000ea578c80,0x00000000ea580000)
  to   space 20992K, 0% used [0x00000000e8180000,0x00000000e8180000,0x00000000e9600000)
 ParOldGen       total 217600K, used 25389K [0x00000000a0000000, 0x00000000ad480000, 0x00000000e0000000)
  object space 217600K, 11% used [0x00000000a0000000,0x00000000a18cb7c8,0x00000000ad480000)
 Metaspace       used 49951K, capacity 51588K, committed 51840K, reserved 1093632K
  class space    used 6869K, capacity 7239K, committed 7296K, reserved 1048576K
}

